e:\unic\coursekpo\project1\project1\x64\debug\sgv-2024.pch
e:\unic\coursekpo\project1\project1\x64\debug\vc143.pdb
e:\unic\coursekpo\project1\project1\x64\debug\vc143.idb
e:\unic\coursekpo\project1\project1\x64\debug\codegeneration.obj
e:\unic\coursekpo\project1\project1\x64\debug\error.obj
e:\unic\coursekpo\project1\project1\x64\debug\fst.obj
e:\unic\coursekpo\project1\project1\x64\debug\in.obj
e:\unic\coursekpo\project1\project1\x64\debug\it.obj
e:\unic\coursekpo\project1\project1\x64\debug\lexanalize.obj
e:\unic\coursekpo\project1\project1\x64\debug\log.obj
e:\unic\coursekpo\project1\project1\x64\debug\lt.obj
e:\unic\coursekpo\project1\project1\x64\debug\main.obj
e:\unic\coursekpo\project1\project1\x64\debug\ot.obj
e:\unic\coursekpo\project1\project1\x64\debug\parm.obj
e:\unic\coursekpo\project1\project1\x64\debug\grb.obj
e:\unic\coursekpo\project1\project1\x64\debug\mfst.obj
e:\unic\coursekpo\project1\project1\x64\debug\polishnotation.obj
e:\unic\coursekpo\project1\project1\x64\debug\semanalize.obj
e:\unic\coursekpo\project1\project1\x64\debug\stdafx.obj
e:\unic\coursekpo\project1\x64\debug\sgv-2024.exe
e:\unic\coursekpo\project1\x64\debug\sgv-2024.pdb
e:\unic\coursekpo\project1\project1\x64\debug\sgv-2024.ilk
e:\unic\coursekpo\project1\project1\x64\debug\sgv-2024.tlog\cl.command.1.tlog
e:\unic\coursekpo\project1\project1\x64\debug\sgv-2024.tlog\cl.items.tlog
e:\unic\coursekpo\project1\project1\x64\debug\sgv-2024.tlog\cl.read.1.tlog
e:\unic\coursekpo\project1\project1\x64\debug\sgv-2024.tlog\cl.write.1.tlog
e:\unic\coursekpo\project1\project1\x64\debug\sgv-2024.tlog\link.command.1.tlog
e:\unic\coursekpo\project1\project1\x64\debug\sgv-2024.tlog\link.read.1.tlog
e:\unic\coursekpo\project1\project1\x64\debug\sgv-2024.tlog\link.secondary.1.tlog
e:\unic\coursekpo\project1\project1\x64\debug\sgv-2024.tlog\link.write.1.tlog
