e:\уник\курсач кпо\project1\sgvasm\x64\debug\vc143.pdb
e:\уник\курсач кпо\project1\sgvasm\x64\debug\vc143.idb
e:\уник\курсач кпо\project1\sgvasm\x64\debug\lib.obj
e:\unic\coursekpo\project1\sgvasm\x64\debug\asm.obj
e:\unic\coursekpo\project1\sgvasm\x64\debug\lib.obj
e:\unic\coursekpo\project1\sgvasm\x64\debug\vc143.idb
e:\unic\coursekpo\project1\sgvasm\x64\debug\vc143.pdb
e:\unic\coursekpo\project1\x64\debug\sgvasm.pdb
e:\unic\coursekpo\project1\sgvasm\x64\debug\sgvasm.tlog\cl.command.1.tlog
e:\unic\coursekpo\project1\sgvasm\x64\debug\sgvasm.tlog\cl.read.1.tlog
e:\unic\coursekpo\project1\sgvasm\x64\debug\sgvasm.tlog\cl.write.1.tlog
e:\unic\coursekpo\project1\sgvasm\x64\debug\sgvasm.tlog\link-cvtres.read.1.tlog
e:\unic\coursekpo\project1\sgvasm\x64\debug\sgvasm.tlog\link-cvtres.write.1.tlog
e:\unic\coursekpo\project1\sgvasm\x64\debug\sgvasm.tlog\link-rc.read.1.tlog
e:\unic\coursekpo\project1\sgvasm\x64\debug\sgvasm.tlog\link-rc.write.1.tlog
e:\unic\coursekpo\project1\sgvasm\x64\debug\sgvasm.tlog\link.command.1.tlog
e:\unic\coursekpo\project1\sgvasm\x64\debug\sgvasm.tlog\link.read.1.tlog
e:\unic\coursekpo\project1\sgvasm\x64\debug\sgvasm.tlog\link.read.2.tlog
e:\unic\coursekpo\project1\sgvasm\x64\debug\sgvasm.tlog\link.read.3.tlog
e:\unic\coursekpo\project1\sgvasm\x64\debug\sgvasm.tlog\link.read.4.tlog
e:\unic\coursekpo\project1\sgvasm\x64\debug\sgvasm.tlog\link.write.1.tlog
e:\unic\coursekpo\project1\sgvasm\x64\debug\sgvasm.tlog\masm.read.1u.tlog
e:\unic\coursekpo\project1\sgvasm\x64\debug\sgvasm.tlog\masm.write.1u.tlog
